Determining if the pthread_create exist failed with the following output:
Change Dir: /home/ubuntu/bmw_ros_multiplicator/ROS_Example/build/CMakeFiles/CMakeTmp

Run Build Command:"/usr/bin/make" "cmTC_4ebee/fast"
/usr/bin/make -f CMakeFiles/cmTC_4ebee.dir/build.make CMakeFiles/cmTC_4ebee.dir/build
make[1]: Entering directory '/home/ubuntu/bmw_ros_multiplicator/ROS_Example/build/CMakeFiles/CMakeTmp'
Building C object CMakeFiles/cmTC_4ebee.dir/CheckSymbolExists.c.o
/usr/bin/cc     -o CMakeFiles/cmTC_4ebee.dir/CheckSymbolExists.c.o   -c /home/ubuntu/bmw_ros_multiplicator/ROS_Example/build/CMakeFiles/CMakeTmp/CheckSymbolExists.c
Linking C executable cmTC_4ebee
/usr/bin/cmake -E cmake_link_script CMakeFiles/cmTC_4ebee.dir/link.txt --verbose=1
/usr/bin/cc       CMakeFiles/cmTC_4ebee.dir/CheckSymbolExists.c.o  -o cmTC_4ebee -rdynamic 
CMakeFiles/cmTC_4ebee.dir/CheckSymbolExists.c.o: In function `main':
CheckSymbolExists.c:(.text+0x16): undefined reference to `pthread_create'
collect2: error: ld returned 1 exit status
CMakeFiles/cmTC_4ebee.dir/build.make:97: recipe for target 'cmTC_4ebee' failed
make[1]: *** [cmTC_4ebee] Error 1
make[1]: Leaving directory '/home/ubuntu/bmw_ros_multiplicator/ROS_Example/build/CMakeFiles/CMakeTmp'
Makefile:126: recipe for target 'cmTC_4ebee/fast' failed
make: *** [cmTC_4ebee/fast] Error 2

File /home/ubuntu/bmw_ros_multiplicator/ROS_Example/build/CMakeFiles/CMakeTmp/CheckSymbolExists.c:
/* */
#include <pthread.h>

int main(int argc, char** argv)
{
  (void)argv;
#ifndef pthread_create
  return ((int*)(&pthread_create))[argc];
#else
  (void)argc;
  return 0;
#endif
}

Determining if the function pthread_create exists in the pthreads failed with the following output:
Change Dir: /home/ubuntu/bmw_ros_multiplicator/ROS_Example/build/CMakeFiles/CMakeTmp

Run Build Command:"/usr/bin/make" "cmTC_55805/fast"
/usr/bin/make -f CMakeFiles/cmTC_55805.dir/build.make CMakeFiles/cmTC_55805.dir/build
make[1]: Entering directory '/home/ubuntu/bmw_ros_multiplicator/ROS_Example/build/CMakeFiles/CMakeTmp'
Building C object CMakeFiles/cmTC_55805.dir/CheckFunctionExists.c.o
/usr/bin/cc    -DCHECK_FUNCTION_EXISTS=pthread_create   -o CMakeFiles/cmTC_55805.dir/CheckFunctionExists.c.o   -c /usr/share/cmake-3.5/Modules/CheckFunctionExists.c
Linking C executable cmTC_55805
/usr/bin/cmake -E cmake_link_script CMakeFiles/cmTC_55805.dir/link.txt --verbose=1
/usr/bin/cc   -DCHECK_FUNCTION_EXISTS=pthread_create    CMakeFiles/cmTC_55805.dir/CheckFunctionExists.c.o  -o cmTC_55805 -rdynamic -lpthreads 
/usr/bin/ld: cannot find -lpthreads
collect2: error: ld returned 1 exit status
CMakeFiles/cmTC_55805.dir/build.make:97: recipe for target 'cmTC_55805' failed
make[1]: *** [cmTC_55805] Error 1
make[1]: Leaving directory '/home/ubuntu/bmw_ros_multiplicator/ROS_Example/build/CMakeFiles/CMakeTmp'
Makefile:126: recipe for target 'cmTC_55805/fast' failed
make: *** [cmTC_55805/fast] Error 2


